<?xml version="1.0" encoding="UTF-8"?>
<!-- Generated by org.testng.reporters.JUnitReportReporter -->
<testsuite skipped="0" hostname="DESKTOP-HJ" name="seleniumMethods.TestNG" tests="1" failures="0" timestamp="2022-05-19T11:28:22 IST" time="0.011" errors="0">
  <testcase name="sample" time="0.011" classname="seleniumMethods.TestNG"/>
  <system-out/>
</testsuite> <!-- seleniumMethods.TestNG -->
